<?xml version="1.0" encoding="UTF-8"?>
<!-- Generated by org.testng.reporters.JUnitXMLReporter -->
<testsuite ignored="0" hostname="DESKTOP-OL3DFRR" failures="0" tests="4" name="Test(failed)" time="13.952" errors="0" timestamp="2024-11-05T16:10:31 IST">
  <testcase classname="cars.TataMotorsTest" name="launch" time="7.72"/>
  <testcase classname="cars.AudiTest" name="launch" time="11.021"/>
  <testcase classname="cars.FerrariTest" name="launch" time="13.398"/>
  <testcase classname="cars.RollsRoysTest" name="launch" time="13.894"/>
</testsuite> <!-- Test(failed) -->
